app/build/intermediates/manifest_merge_blame_file/debug/manifest-merger-blame-debug-report.txt
1<?xml version="1.0" encoding="utf-8"?>
2<manifest xmlns:android="http://schemas.android.com/apk/res/android"
3    package="com.azhar.crudrealm"
4    android:versionCode="1"
5    android:versionName="1.0" >
6
7    <uses-sdk
8        android:minSdkVersion="21"
8-->src\main\AndroidManifest.xml
9        android:targetSdkVersion="29" />
9-->src\main\AndroidManifest.xml
10
11    <uses-permission android:name="android.permission.ACCESS_NETWORK_STATE" />
11-->[io.realm:realm-android-library-object-server:5.1.0] AndroidManifest.xml:10:5-79
11-->[io.realm:realm-android-library-object-server:5.1.0] AndroidManifest.xml:10:22-76
12    <uses-permission android:name="android.permission.INTERNET" />
12-->[io.realm:realm-android-library-object-server:5.1.0] AndroidManifest.xml:11:5-67
12-->[io.realm:realm-android-library-object-server:5.1.0] AndroidManifest.xml:11:22-64
13
14    <application
14-->src\main\AndroidManifest.xml:5:5-21:19
15        android:allowBackup="true"
15-->src\main\AndroidManifest.xml:6:9-35
16        android:appComponentFactory="androidx.core.app.CoreComponentFactory"
16-->[androidx.core:core:1.1.0] AndroidManifest.xml:24:18-86
17        android:debuggable="true"
18        android:icon="@mipmap/ic_launcher"
18-->src\main\AndroidManifest.xml:7:9-43
19        android:label="Kontak"
19-->src\main\AndroidManifest.xml:8:9-31
20        android:roundIcon="@mipmap/ic_launcher_round"
20-->src\main\AndroidManifest.xml:9:9-54
21        android:supportsRtl="true"
21-->src\main\AndroidManifest.xml:10:9-35
22        android:testOnly="true"
23        android:theme="@style/AppTheme" >
23-->src\main\AndroidManifest.xml:11:9-40
24        <activity android:name="com.d121191029.CRUD.activities.MainActivity" >
24-->src\main\AndroidManifest.xml:12:9-18:20
24-->src\main\AndroidManifest.xml:12:19-77
25            <intent-filter>
25-->src\main\AndroidManifest.xml:13:13-17:29
26                <action android:name="android.intent.action.MAIN" />
26-->src\main\AndroidManifest.xml:14:17-69
26-->src\main\AndroidManifest.xml:14:25-66
27
28                <category android:name="android.intent.category.LAUNCHER" />
28-->src\main\AndroidManifest.xml:16:17-77
28-->src\main\AndroidManifest.xml:16:27-74
29            </intent-filter>
30        </activity>
31        <activity android:name="com.d121191029.CRUD.activities.TambahDataActivity" />
31-->src\main\AndroidManifest.xml:19:9-86
31-->src\main\AndroidManifest.xml:19:19-83
32        <activity android:name="com.d121191029.CRUD.activities.UpdateDataActivity" />
32-->src\main\AndroidManifest.xml:20:9-86
32-->src\main\AndroidManifest.xml:20:19-83
33    </application>
34
35</manifest>